[0924/160725.387:ERROR:process_memory_win.cc(73)] ReadMemory at 0x7ff649d40000 of 64 bytes failed: Only part of a ReadProcessMemory or WriteProcessMemory request was completed. (0x12B)
[0924/160725.391:WARNING:pe_image_reader.cc(340)] could not read dos header from C:\Program Files (x86)\Google\Chrome\Application\chrome.exe
[0924/160725.391:ERROR:process_memory_win.cc(73)] ReadMemory at 0x7ffc81a80000 of 64 bytes failed: Only part of a ReadProcessMemory or WriteProcessMemory request was completed. (0x12B)
[0924/160725.391:WARNING:pe_image_reader.cc(340)] could not read dos header from C:\Windows\SYSTEM32\ntdll.dll
[0924/160725.391:ERROR:process_memory_win.cc(73)] ReadMemory at 0x7ffc80110000 of 64 bytes failed: Only part of a ReadProcessMemory or WriteProcessMemory request was completed. (0x12B)
[0924/160725.391:WARNING:pe_image_reader.cc(340)] could not read dos header from C:\Windows\System32\KERNEL32.DLL
[0924/160725.391:ERROR:process_memory_win.cc(73)] ReadMemory at 0x7ffc7ebf0000 of 64 bytes failed: Only part of a ReadProcessMemory or WriteProcessMemory request was completed. (0x12B)
[0924/160725.391:WARNING:pe_image_reader.cc(340)] could not read dos header from C:\Windows\System32\KERNELBASE.dll
[0924/160725.391:ERROR:process_memory_win.cc(73)] ReadMemory at 0x7ffc59f50000 of 64 bytes failed: Only part of a ReadProcessMemory or WriteProcessMemory request was completed. (0x12B)
[0924/160725.391:WARNING:pe_image_reader.cc(340)] could not read dos header from C:\Program Files (x86)\Google\Chrome\Application\85.0.4183.121\chrome_elf.dll
[0924/160725.391:ERROR:process_memory_win.cc(73)] ReadMemory at 0x7ffc738c0000 of 64 bytes failed: Only part of a ReadProcessMemory or WriteProcessMemory request was completed. (0x12B)
[0924/160725.391:WARNING:pe_image_reader.cc(340)] could not read dos header from C:\Windows\SYSTEM32\VERSION.dll
[0924/160725.391:ERROR:process_memory_win.cc(73)] ReadMemory at 0x7ffc810f0000 of 64 bytes failed: Only part of a ReadProcessMemory or WriteProcessMemory request was completed. (0x12B)
[0924/160725.391:WARNING:pe_image_reader.cc(340)] could not read dos header from C:\Windows\System32\msvcrt.dll
[0924/160725.391:ERROR:process_memory_win.cc(73)] ReadMemory at 0x7ffc7ea10000 of 64 bytes failed: Only part of a ReadProcessMemory or WriteProcessMemory request was completed. (0x12B)
[0924/160725.391:WARNING:pe_image_reader.cc(340)] could not read dos header from C:\Windows\System32\bcryptPrimitives.dll
[0924/160725.391:ERROR:process_memory_win.cc(73)] ReadMemory at 0x7ffc80290000 of 64 bytes failed: Only part of a ReadProcessMemory or WriteProcessMemory request was completed. (0x12B)
[0924/160725.391:WARNING:pe_image_reader.cc(340)] could not read dos header from C:\Windows\System32\ADVAPI32.dll
[0924/160725.391:ERROR:process_memory_win.cc(73)] ReadMemory at 0x7ffc81820000 of 64 bytes failed: Only part of a ReadProcessMemory or WriteProcessMemory request was completed. (0x12B)
[0924/160725.391:WARNING:pe_image_reader.cc(340)] could not read dos header from C:\Windows\System32\sechost.dll
[0924/160725.391:ERROR:process_memory_win.cc(73)] ReadMemory at 0x7ffc818c0000 of 64 bytes failed: Only part of a ReadProcessMemory or WriteProcessMemory request was completed. (0x12B)
[0924/160725.391:WARNING:pe_image_reader.cc(340)] could not read dos header from C:\Windows\System32\RPCRT4.dll
[0924/160725.391:ERROR:process_memory_win.cc(73)] ReadMemory at 0x7ffbee730000 of 64 bytes failed: Only part of a ReadProcessMemory or WriteProcessMemory request was completed. (0x12B)
[0924/160725.391:WARNING:pe_image_reader.cc(340)] could not read dos header from C:\Program Files (x86)\Google\Chrome\Application\85.0.4183.121\chrome.dll
[0924/160725.391:ERROR:process_memory_win.cc(73)] ReadMemory at 0x7ffc80340000 of 64 bytes failed: Only part of a ReadProcessMemory or WriteProcessMemory request was completed. (0x12B)
[0924/160725.391:WARNING:pe_image_reader.cc(340)] could not read dos header from C:\Windows\System32\WS2_32.dll
[0924/160725.391:ERROR:process_memory_win.cc(73)] ReadMemory at 0x7ffc81020000 of 64 bytes failed: Only part of a ReadProcessMemory or WriteProcessMemory request was completed. (0x12B)
[0924/160725.391:WARNING:pe_image_reader.cc(340)] could not read dos header from C:\Windows\System32\OLEAUT32.dll
[0924/160725.391:ERROR:process_memory_win.cc(73)] ReadMemory at 0x7ffc7f040000 of 64 bytes failed: Only part of a ReadProcessMemory or WriteProcessMemory request was completed. (0x12B)
[0924/160725.391:WARNING:pe_image_reader.cc(340)] could not read dos header from C:\Windows\System32\msvcp_win.dll
[0924/160725.391:ERROR:process_memory_win.cc(73)] ReadMemory at 0x7ffc7eaf0000 of 64 bytes failed: Only part of a ReadProcessMemory or WriteProcessMemory request was completed. (0x12B)
[0924/160725.391:WARNING:pe_image_reader.cc(340)] could not read dos header from C:\Windows\System32\ucrtbase.dll
[0924/160725.391:ERROR:process_memory_win.cc(73)] ReadMemory at 0x7ffc80b80000 of 64 bytes failed: Only part of a ReadProcessMemory or WriteProcessMemory request was completed. (0x12B)
[0924/160725.391:WARNING:pe_image_reader.cc(340)] could not read dos header from C:\Windows\System32\combase.dll
[0924/160725.391:ERROR:process_memory_win.cc(73)] ReadMemory at 0x7ffc7ea90000 of 64 bytes failed: Only part of a ReadProcessMemory or WriteProcessMemory request was completed. (0x12B)
[0924/160725.391:WARNING:pe_image_reader.cc(340)] could not read dos header from C:\Windows\System32\WINTRUST.dll
[0924/160725.391:ERROR:process_memory_win.cc(73)] ReadMemory at 0x7ffc7e9d0000 of 64 bytes failed: Only part of a ReadProcessMemory or WriteProcessMemory request was completed. (0x12B)
[0924/160725.391:WARNING:pe_image_reader.cc(340)] could not read dos header from C:\Windows\System32\MSASN1.dll
[0924/160725.391:ERROR:process_memory_win.cc(73)] ReadMemory at 0x7ffc7f0e0000 of 64 bytes failed: Only part of a ReadProcessMemory or WriteProcessMemory request was completed. (0x12B)
[0924/160725.391:WARNING:pe_image_reader.cc(340)] could not read dos header from C:\Windows\System32\CRYPT32.dll
[0924/160725.391:ERROR:process_memory_win.cc(73)] ReadMemory at 0x7ffc7de40000 of 64 bytes failed: Only part of a ReadProcessMemory or WriteProcessMemory request was completed. (0x12B)
[0924/160725.391:WARNING:pe_image_reader.cc(340)] could not read dos header from C:\Windows\SYSTEM32\IPHLPAPI.DLL
[0924/160725.391:ERROR:process_memory_win.cc(73)] ReadMemory at 0x7ffc78c80000 of 64 bytes failed: Only part of a ReadProcessMemory or WriteProcessMemory request was completed. (0x12B)
[0924/160725.391:WARNING:pe_image_reader.cc(340)] could not read dos header from C:\Windows\SYSTEM32\WINMM.dll
[0924/160725.391:ERROR:process_memory_win.cc(73)] ReadMemory at 0x7ffc62ac0000 of 64 bytes failed: Only part of a ReadProcessMemory or WriteProcessMemory request was completed. (0x12B)
[0924/160725.391:WARNING:pe_image_reader.cc(340)] could not read dos header from C:\Windows\SYSTEM32\UIAutomationCore.DLL
[0924/160725.391:ERROR:process_memory_win.cc(73)] ReadMemory at 0x7ffc602c0000 of 64 bytes failed: Only part of a ReadProcessMemory or WriteProcessMemory request was completed. (0x12B)
[0924/160725.391:WARNING:pe_image_reader.cc(340)] could not read dos header from C:\Windows\SYSTEM32\Secur32.dll
[0924/160725.391:ERROR:process_memory_win.cc(73)] ReadMemory at 0x7ffc7e860000 of 64 bytes failed: Only part of a ReadProcessMemory or WriteProcessMemory request was completed. (0x12B)
[0924/160725.391:WARNING:pe_image_reader.cc(340)] could not read dos header from C:\Windows\SYSTEM32\USERENV.dll
[0924/160725.391:ERROR:process_memory_win.cc(73)] ReadMemory at 0x7ffc7e950000 of 64 bytes failed: Only part of a ReadProcessMemory or WriteProcessMemory request was completed. (0x12B)
[0924/160725.391:WARNING:pe_image_reader.cc(340)] could not read dos header from C:\Windows\System32\profapi.dll
[0924/160725.391:ERROR:process_memory_win.cc(73)] ReadMemory at 0x7ffc623e0000 of 64 bytes failed: Only part of a ReadProcessMemory or WriteProcessMemory request was completed. (0x12B)
[0924/160725.391:WARNING:pe_image_reader.cc(340)] could not read dos header from C:\Windows\SYSTEM32\DWrite.dll
[0924/160725.391:ERROR:process_memory_win.cc(73)] ReadMemory at 0x7ffc5a6e0000 of 64 bytes failed: Only part of a ReadProcessMemory or WriteProcessMemory request was completed. (0x12B)
[0924/160725.391:WARNING:pe_image_reader.cc(340)] could not read dos header from C:\Windows\SYSTEM32\WINSPOOL.DRV
[0924/160725.391:ERROR:process_memory_win.cc(73)] ReadMemory at 0x7ffc7e9f0000 of 64 bytes failed: Only part of a ReadProcessMemory or WriteProcessMemory request was completed. (0x12B)
[0924/160725.391:WARNING:pe_image_reader.cc(340)] could not read dos header from C:\Windows\System32\kernel.appcore.dll
[0924/160725.391:ERROR:process_memory_win.cc(73)] ReadMemory at 0x7ffc7fb00000 of 64 bytes failed: Only part of a ReadProcessMemory or WriteProcessMemory request was completed. (0x12B)
[0924/160725.391:WARNING:pe_image_reader.cc(340)] could not read dos header from C:\Windows\System32\bcrypt.dll
[0924/160725.391:ERROR:process_memory_win.cc(73)] ReadMemory at 0x7ffc799b0000 of 64 bytes failed: Only part of a ReadProcessMemory or WriteProcessMemory request was completed. (0x12B)
[0924/160725.391:WARNING:pe_image_reader.cc(340)] could not read dos header from C:\Windows\SYSTEM32\dbghelp.dll
[0924/160725.391:ERROR:process_memory_win.cc(73)] ReadMemory at 0x7ffc63d60000 of 64 bytes failed: Only part of a ReadProcessMemory or WriteProcessMemory request was completed. (0x12B)
[0924/160725.391:WARNING:pe_image_reader.cc(340)] could not read dos header from C:\Windows\SYSTEM32\WINHTTP.dll
[0924/160725.391:ERROR:process_memory_win.cc(73)] ReadMemory at 0x7ffc6c7e0000 of 64 bytes failed: Only part of a ReadProcessMemory or WriteProcessMemory request was completed. (0x12B)
[0924/160725.391:WARNING:pe_image_reader.cc(340)] could not read dos header from C:\Windows\SYSTEM32\dhcpcsvc.DLL
[0924/160725.391:ERROR:process_memory_win.cc(73)] ReadMemory at 0x2049d180000 of 64 bytes failed: Only part of a ReadProcessMemory or WriteProcessMemory request was completed. (0x12B)
[0924/160725.391:WARNING:pe_image_reader.cc(340)] could not read dos header from C:\Windows\System32\NSI.dll
[0924/160725.391:ERROR:process_memory_win.cc(73)] ReadMemory at 0x7ffc78c50000 of 64 bytes failed: Only part of a ReadProcessMemory or WriteProcessMemory request was completed. (0x12B)
[0924/160725.391:WARNING:pe_image_reader.cc(340)] could not read dos header from C:\Windows\SYSTEM32\WINMMBASE.dll
[0924/160725.391:ERROR:process_memory_win.cc(73)] ReadMemory at 0x7ffc7fab0000 of 64 bytes failed: Only part of a ReadProcessMemory or WriteProcessMemory request was completed. (0x12B)
[0924/160725.391:WARNING:pe_image_reader.cc(340)] could not read dos header from C:\Windows\System32\cfgmgr32.dll
[0924/160725.391:ERROR:process_memory_win.cc(73)] ReadMemory at 0x7ffc775b0000 of 64 bytes failed: Only part of a ReadProcessMemory or WriteProcessMemory request was completed. (0x12B)
[0924/160725.391:WARNING:pe_image_reader.cc(340)] could not read dos header from C:\Windows\SYSTEM32\PROPSYS.dll
[0924/160725.391:ERROR:process_memory_win.cc(73)] ReadMemory at 0x7ffc801e0000 of 64 bytes failed: Only part of a ReadProcessMemory or WriteProcessMemory request was completed. (0x12B)
[0924/160725.391:WARNING:pe_image_reader.cc(340)] could not read dos header from C:\Windows\System32\shcore.dll
[0924/160725.391:ERROR:process_memory_win.cc(73)] ReadMemory at 0x7ffc7e820000 of 64 bytes failed: Only part of a ReadProcessMemory or WriteProcessMemory request was completed. (0x12B)
[0924/160725.391:WARNING:pe_image_reader.cc(340)] could not read dos header from C:\Windows\SYSTEM32\SSPICLI.DLL
[0924/160725.391:ERROR:process_memory_win.cc(73)] ReadMemory at 0x7ffc7e360000 of 64 bytes failed: Only part of a ReadProcessMemory or WriteProcessMemory request was completed. (0x12B)
[0924/160725.391:WARNING:pe_image_reader.cc(340)] could not read dos header from C:\Windows\SYSTEM32\CRYPTBASE.DLL
[0924/160725.403:ERROR:process_memory_win.cc(73)] ReadMemory at 0x7ff649d40000 of 64 bytes failed: Only part of a ReadProcessMemory or WriteProcessMemory request was completed. (0x12B)
[0924/160725.403:WARNING:pe_image_reader.cc(340)] could not read dos header from C:\Program Files (x86)\Google\Chrome\Application\chrome.exe
[0924/160725.403:ERROR:process_memory_win.cc(73)] ReadMemory at 0x7ffc81a80000 of 64 bytes failed: Only part of a ReadProcessMemory or WriteProcessMemory request was completed. (0x12B)
[0924/160725.403:WARNING:pe_image_reader.cc(340)] could not read dos header from C:\Windows\SYSTEM32\ntdll.dll
[0924/160725.403:ERROR:process_memory_win.cc(73)] ReadMemory at 0x7ffc80110000 of 64 bytes failed: Only part of a ReadProcessMemory or WriteProcessMemory request was completed. (0x12B)
[0924/160725.403:WARNING:pe_image_reader.cc(340)] could not read dos header from C:\Windows\System32\KERNEL32.DLL
[0924/160725.403:ERROR:process_memory_win.cc(73)] ReadMemory at 0x7ffc7ebf0000 of 64 bytes failed: Only part of a ReadProcessMemory or WriteProcessMemory request was completed. (0x12B)
[0924/160725.403:WARNING:pe_image_reader.cc(340)] could not read dos header from C:\Windows\System32\KERNELBASE.dll
[0924/160725.403:ERROR:process_memory_win.cc(73)] ReadMemory at 0x7ffc59f50000 of 64 bytes failed: Only part of a ReadProcessMemory or WriteProcessMemory request was completed. (0x12B)
[0924/160725.403:WARNING:pe_image_reader.cc(340)] could not read dos header from C:\Program Files (x86)\Google\Chrome\Application\85.0.4183.121\chrome_elf.dll
[0924/160725.403:ERROR:process_memory_win.cc(73)] ReadMemory at 0x7ffc738c0000 of 64 bytes failed: Only part of a ReadProcessMemory or WriteProcessMemory request was completed. (0x12B)
[0924/160725.403:WARNING:pe_image_reader.cc(340)] could not read dos header from C:\Windows\SYSTEM32\VERSION.dll
[0924/160725.403:ERROR:process_memory_win.cc(73)] ReadMemory at 0x7ffc810f0000 of 64 bytes failed: Only part of a ReadProcessMemory or WriteProcessMemory request was completed. (0x12B)
[0924/160725.403:WARNING:pe_image_reader.cc(340)] could not read dos header from C:\Windows\System32\msvcrt.dll
[0924/160725.403:ERROR:process_memory_win.cc(73)] ReadMemory at 0x7ffc7ea10000 of 64 bytes failed: Only part of a ReadProcessMemory or WriteProcessMemory request was completed. (0x12B)
[0924/160725.403:WARNING:pe_image_reader.cc(340)] could not read dos header from C:\Windows\System32\bcryptPrimitives.dll
[0924/160725.403:ERROR:process_memory_win.cc(73)] ReadMemory at 0x7ffc80290000 of 64 bytes failed: Only part of a ReadProcessMemory or WriteProcessMemory request was completed. (0x12B)
[0924/160725.403:WARNING:pe_image_reader.cc(340)] could not read dos header from C:\Windows\System32\ADVAPI32.dll
[0924/160725.403:ERROR:process_memory_win.cc(73)] ReadMemory at 0x7ffc81820000 of 64 bytes failed: Only part of a ReadProcessMemory or WriteProcessMemory request was completed. (0x12B)
[0924/160725.403:WARNING:pe_image_reader.cc(340)] could not read dos header from C:\Windows\System32\sechost.dll
[0924/160725.403:ERROR:process_memory_win.cc(73)] ReadMemory at 0x7ffc818c0000 of 64 bytes failed: Only part of a ReadProcessMemory or WriteProcessMemory request was completed. (0x12B)
[0924/160725.403:WARNING:pe_image_reader.cc(340)] could not read dos header from C:\Windows\System32\RPCRT4.dll
[0924/160725.403:ERROR:process_memory_win.cc(73)] ReadMemory at 0x7ffbee730000 of 64 bytes failed: Only part of a ReadProcessMemory or WriteProcessMemory request was completed. (0x12B)
[0924/160725.403:WARNING:pe_image_reader.cc(340)] could not read dos header from C:\Program Files (x86)\Google\Chrome\Application\85.0.4183.121\chrome.dll
[0924/160725.403:ERROR:process_memory_win.cc(73)] ReadMemory at 0x7ffc80340000 of 64 bytes failed: Only part of a ReadProcessMemory or WriteProcessMemory request was completed. (0x12B)
[0924/160725.403:WARNING:pe_image_reader.cc(340)] could not read dos header from C:\Windows\System32\WS2_32.dll
[0924/160725.403:ERROR:process_memory_win.cc(73)] ReadMemory at 0x7ffc81020000 of 64 bytes failed: Only part of a ReadProcessMemory or WriteProcessMemory request was completed. (0x12B)
[0924/160725.403:WARNING:pe_image_reader.cc(340)] could not read dos header from C:\Windows\System32\OLEAUT32.dll
[0924/160725.403:ERROR:process_memory_win.cc(73)] ReadMemory at 0x7ffc7f040000 of 64 bytes failed: Only part of a ReadProcessMemory or WriteProcessMemory request was completed. (0x12B)
[0924/160725.403:WARNING:pe_image_reader.cc(340)] could not read dos header from C:\Windows\System32\msvcp_win.dll
[0924/160725.403:ERROR:process_memory_win.cc(73)] ReadMemory at 0x7ffc7eaf0000 of 64 bytes failed: Only part of a ReadProcessMemory or WriteProcessMemory request was completed. (0x12B)
[0924/160725.403:WARNING:pe_image_reader.cc(340)] could not read dos header from C:\Windows\System32\ucrtbase.dll
[0924/160725.403:ERROR:process_memory_win.cc(73)] ReadMemory at 0x7ffc80b80000 of 64 bytes failed: Only part of a ReadProcessMemory or WriteProcessMemory request was completed. (0x12B)
[0924/160725.403:WARNING:pe_image_reader.cc(340)] could not read dos header from C:\Windows\System32\combase.dll
[0924/160725.403:ERROR:process_memory_win.cc(73)] ReadMemory at 0x7ffc7ea90000 of 64 bytes failed: Only part of a ReadProcessMemory or WriteProcessMemory request was completed. (0x12B)
[0924/160725.403:WARNING:pe_image_reader.cc(340)] could not read dos header from C:\Windows\System32\WINTRUST.dll
[0924/160725.403:ERROR:process_memory_win.cc(73)] ReadMemory at 0x7ffc7e9d0000 of 64 bytes failed: Only part of a ReadProcessMemory or WriteProcessMemory request was completed. (0x12B)
[0924/160725.403:WARNING:pe_image_reader.cc(340)] could not read dos header from C:\Windows\System32\MSASN1.dll
[0924/160725.403:ERROR:process_memory_win.cc(73)] ReadMemory at 0x7ffc7f0e0000 of 64 bytes failed: Only part of a ReadProcessMemory or WriteProcessMemory request was completed. (0x12B)
[0924/160725.403:WARNING:pe_image_reader.cc(340)] could not read dos header from C:\Windows\System32\CRYPT32.dll
[0924/160725.403:ERROR:process_memory_win.cc(73)] ReadMemory at 0x7ffc7de40000 of 64 bytes failed: Only part of a ReadProcessMemory or WriteProcessMemory request was completed. (0x12B)
[0924/160725.403:WARNING:pe_image_reader.cc(340)] could not read dos header from C:\Windows\SYSTEM32\IPHLPAPI.DLL
[0924/160725.403:ERROR:process_memory_win.cc(73)] ReadMemory at 0x7ffc78c80000 of 64 bytes failed: Only part of a ReadProcessMemory or WriteProcessMemory request was completed. (0x12B)
[0924/160725.403:WARNING:pe_image_reader.cc(340)] could not read dos header from C:\Windows\SYSTEM32\WINMM.dll
[0924/160725.403:ERROR:process_memory_win.cc(73)] ReadMemory at 0x7ffc62ac0000 of 64 bytes failed: Only part of a ReadProcessMemory or WriteProcessMemory request was completed. (0x12B)
[0924/160725.403:WARNING:pe_image_reader.cc(340)] could not read dos header from C:\Windows\SYSTEM32\UIAutomationCore.DLL
[0924/160725.403:ERROR:process_memory_win.cc(73)] ReadMemory at 0x7ffc602c0000 of 64 bytes failed: Only part of a ReadProcessMemory or WriteProcessMemory request was completed. (0x12B)
[0924/160725.403:WARNING:pe_image_reader.cc(340)] could not read dos header from C:\Windows\SYSTEM32\Secur32.dll
[0924/160725.403:ERROR:process_memory_win.cc(73)] ReadMemory at 0x7ffc7e860000 of 64 bytes failed: Only part of a ReadProcessMemory or WriteProcessMemory request was completed. (0x12B)
[0924/160725.403:WARNING:pe_image_reader.cc(340)] could not read dos header from C:\Windows\SYSTEM32\USERENV.dll
[0924/160725.403:ERROR:process_memory_win.cc(73)] ReadMemory at 0x7ffc7e950000 of 64 bytes failed: Only part of a ReadProcessMemory or WriteProcessMemory request was completed. (0x12B)
[0924/160725.403:WARNING:pe_image_reader.cc(340)] could not read dos header from C:\Windows\System32\profapi.dll
[0924/160725.403:ERROR:process_memory_win.cc(73)] ReadMemory at 0x7ffc623e0000 of 64 bytes failed: Only part of a ReadProcessMemory or WriteProcessMemory request was completed. (0x12B)
[0924/160725.403:WARNING:pe_image_reader.cc(340)] could not read dos header from C:\Windows\SYSTEM32\DWrite.dll
[0924/160725.403:ERROR:process_memory_win.cc(73)] ReadMemory at 0x7ffc5a6e0000 of 64 bytes failed: Only part of a ReadProcessMemory or WriteProcessMemory request was completed. (0x12B)
[0924/160725.403:WARNING:pe_image_reader.cc(340)] could not read dos header from C:\Windows\SYSTEM32\WINSPOOL.DRV
[0924/160725.403:ERROR:process_memory_win.cc(73)] ReadMemory at 0x7ffc7e9f0000 of 64 bytes failed: Only part of a ReadProcessMemory or WriteProcessMemory request was completed. (0x12B)
[0924/160725.403:WARNING:pe_image_reader.cc(340)] could not read dos header from C:\Windows\System32\kernel.appcore.dll
[0924/160725.403:ERROR:process_memory_win.cc(73)] ReadMemory at 0x7ffc7fb00000 of 64 bytes failed: Only part of a ReadProcessMemory or WriteProcessMemory request was completed. (0x12B)
[0924/160725.403:WARNING:pe_image_reader.cc(340)] could not read dos header from C:\Windows\System32\bcrypt.dll
[0924/160725.403:ERROR:process_memory_win.cc(73)] ReadMemory at 0x7ffc799b0000 of 64 bytes failed: Only part of a ReadProcessMemory or WriteProcessMemory request was completed. (0x12B)
[0924/160725.403:WARNING:pe_image_reader.cc(340)] could not read dos header from C:\Windows\SYSTEM32\dbghelp.dll
[0924/160725.403:ERROR:process_memory_win.cc(73)] ReadMemory at 0x7ffc63d60000 of 64 bytes failed: Only part of a ReadProcessMemory or WriteProcessMemory request was completed. (0x12B)
[0924/160725.403:WARNING:pe_image_reader.cc(340)] could not read dos header from C:\Windows\SYSTEM32\WINHTTP.dll
[0924/160725.403:ERROR:process_memory_win.cc(73)] ReadMemory at 0x7ffc6c7e0000 of 64 bytes failed: Only part of a ReadProcessMemory or WriteProcessMemory request was completed. (0x12B)
[0924/160725.403:WARNING:pe_image_reader.cc(340)] could not read dos header from C:\Windows\SYSTEM32\dhcpcsvc.DLL
[0924/160725.403:ERROR:process_memory_win.cc(73)] ReadMemory at 0x2049d180000 of 64 bytes failed: Only part of a ReadProcessMemory or WriteProcessMemory request was completed. (0x12B)
[0924/160725.403:WARNING:pe_image_reader.cc(340)] could not read dos header from C:\Windows\System32\NSI.dll
[0924/160725.403:ERROR:process_memory_win.cc(73)] ReadMemory at 0x7ffc78c50000 of 64 bytes failed: Only part of a ReadProcessMemory or WriteProcessMemory request was completed. (0x12B)
[0924/160725.403:WARNING:pe_image_reader.cc(340)] could not read dos header from C:\Windows\SYSTEM32\WINMMBASE.dll
[0924/160725.403:ERROR:process_memory_win.cc(73)] ReadMemory at 0x7ffc7fab0000 of 64 bytes failed: Only part of a ReadProcessMemory or WriteProcessMemory request was completed. (0x12B)
[0924/160725.403:WARNING:pe_image_reader.cc(340)] could not read dos header from C:\Windows\System32\cfgmgr32.dll
[0924/160725.403:ERROR:process_memory_win.cc(73)] ReadMemory at 0x7ffc775b0000 of 64 bytes failed: Only part of a ReadProcessMemory or WriteProcessMemory request was completed. (0x12B)
[0924/160725.403:WARNING:pe_image_reader.cc(340)] could not read dos header from C:\Windows\SYSTEM32\PROPSYS.dll
[0924/160725.403:ERROR:process_memory_win.cc(73)] ReadMemory at 0x7ffc801e0000 of 64 bytes failed: Only part of a ReadProcessMemory or WriteProcessMemory request was completed. (0x12B)
[0924/160725.403:WARNING:pe_image_reader.cc(340)] could not read dos header from C:\Windows\System32\shcore.dll
[0924/160725.403:ERROR:process_memory_win.cc(73)] ReadMemory at 0x7ffc7e820000 of 64 bytes failed: Only part of a ReadProcessMemory or WriteProcessMemory request was completed. (0x12B)
[0924/160725.403:WARNING:pe_image_reader.cc(340)] could not read dos header from C:\Windows\SYSTEM32\SSPICLI.DLL
[0924/160725.403:ERROR:process_memory_win.cc(73)] ReadMemory at 0x7ffc7e360000 of 64 bytes failed: Only part of a ReadProcessMemory or WriteProcessMemory request was completed. (0x12B)
[0924/160725.403:WARNING:pe_image_reader.cc(340)] could not read dos header from C:\Windows\SYSTEM32\CRYPTBASE.DLL
[0924/160725.403:ERROR:process_memory_win.cc(73)] ReadMemory at 0x7ff649d40000 of 64 bytes failed: Only part of a ReadProcessMemory or WriteProcessMemory request was completed. (0x12B)
[0924/160725.403:WARNING:pe_image_reader.cc(340)] could not read dos header from C:\Program Files (x86)\Google\Chrome\Application\chrome.exe
[0924/160725.403:ERROR:process_memory_win.cc(73)] ReadMemory at 0x7ffc81a80000 of 64 bytes failed: Only part of a ReadProcessMemory or WriteProcessMemory request was completed. (0x12B)
[0924/160725.403:WARNING:pe_image_reader.cc(340)] could not read dos header from C:\Windows\SYSTEM32\ntdll.dll
[0924/160725.403:ERROR:process_memory_win.cc(73)] ReadMemory at 0x7ffc80110000 of 64 bytes failed: Only part of a ReadProcessMemory or WriteProcessMemory request was completed. (0x12B)
[0924/160725.403:WARNING:pe_image_reader.cc(340)] could not read dos header from C:\Windows\System32\KERNEL32.DLL
[0924/160725.403:ERROR:process_memory_win.cc(73)] ReadMemory at 0x7ffc7ebf0000 of 64 bytes failed: Only part of a ReadProcessMemory or WriteProcessMemory request was completed. (0x12B)
[0924/160725.403:WARNING:pe_image_reader.cc(340)] could not read dos header from C:\Windows\System32\KERNELBASE.dll
[0924/160725.403:ERROR:process_memory_win.cc(73)] ReadMemory at 0x7ffc59f50000 of 64 bytes failed: Only part of a ReadProcessMemory or WriteProcessMemory request was completed. (0x12B)
[0924/160725.403:WARNING:pe_image_reader.cc(340)] could not read dos header from C:\Program Files (x86)\Google\Chrome\Application\85.0.4183.121\chrome_elf.dll
[0924/160725.403:ERROR:process_memory_win.cc(73)] ReadMemory at 0x7ffc738c0000 of 64 bytes failed: Only part of a ReadProcessMemory or WriteProcessMemory request was completed. (0x12B)
[0924/160725.403:WARNING:pe_image_reader.cc(340)] could not read dos header from C:\Windows\SYSTEM32\VERSION.dll
[0924/160725.403:ERROR:process_memory_win.cc(73)] ReadMemory at 0x7ffc810f0000 of 64 bytes failed: Only part of a ReadProcessMemory or WriteProcessMemory request was completed. (0x12B)
[0924/160725.403:WARNING:pe_image_reader.cc(340)] could not read dos header from C:\Windows\System32\msvcrt.dll
[0924/160725.403:ERROR:process_memory_win.cc(73)] ReadMemory at 0x7ffc7ea10000 of 64 bytes failed: Only part of a ReadProcessMemory or WriteProcessMemory request was completed. (0x12B)
[0924/160725.403:WARNING:pe_image_reader.cc(340)] could not read dos header from C:\Windows\System32\bcryptPrimitives.dll
[0924/160725.403:ERROR:process_memory_win.cc(73)] ReadMemory at 0x7ffc80290000 of 64 bytes failed: Only part of a ReadProcessMemory or WriteProcessMemory request was completed. (0x12B)
[0924/160725.403:WARNING:pe_image_reader.cc(340)] could not read dos header from C:\Windows\System32\ADVAPI32.dll
[0924/160725.403:ERROR:process_memory_win.cc(73)] ReadMemory at 0x7ffc81820000 of 64 bytes failed: Only part of a ReadProcessMemory or WriteProcessMemory request was completed. (0x12B)
[0924/160725.403:WARNING:pe_image_reader.cc(340)] could not read dos header from C:\Windows\System32\sechost.dll
[0924/160725.403:ERROR:process_memory_win.cc(73)] ReadMemory at 0x7ffc818c0000 of 64 bytes failed: Only part of a ReadProcessMemory or WriteProcessMemory request was completed. (0x12B)
[0924/160725.403:WARNING:pe_image_reader.cc(340)] could not read dos header from C:\Windows\System32\RPCRT4.dll
[0924/160725.403:ERROR:process_memory_win.cc(73)] ReadMemory at 0x7ffbee730000 of 64 bytes failed: Only part of a ReadProcessMemory or WriteProcessMemory request was completed. (0x12B)
[0924/160725.403:WARNING:pe_image_reader.cc(340)] could not read dos header from C:\Program Files (x86)\Google\Chrome\Application\85.0.4183.121\chrome.dll
[0924/160725.403:ERROR:process_memory_win.cc(73)] ReadMemory at 0x7ffc80340000 of 64 bytes failed: Only part of a ReadProcessMemory or WriteProcessMemory request was completed. (0x12B)
[0924/160725.403:WARNING:pe_image_reader.cc(340)] could not read dos header from C:\Windows\System32\WS2_32.dll
[0924/160725.403:ERROR:process_memory_win.cc(73)] ReadMemory at 0x7ffc81020000 of 64 bytes failed: Only part of a ReadProcessMemory or WriteProcessMemory request was completed. (0x12B)
[0924/160725.403:WARNING:pe_image_reader.cc(340)] could not read dos header from C:\Windows\System32\OLEAUT32.dll
[0924/160725.407:ERROR:process_memory_win.cc(73)] ReadMemory at 0x7ffc7f040000 of 64 bytes failed: Only part of a ReadProcessMemory or WriteProcessMemory request was completed. (0x12B)
[0924/160725.407:WARNING:pe_image_reader.cc(340)] could not read dos header from C:\Windows\System32\msvcp_win.dll
[0924/160725.407:ERROR:process_memory_win.cc(73)] ReadMemory at 0x7ffc7eaf0000 of 64 bytes failed: Only part of a ReadProcessMemory or WriteProcessMemory request was completed. (0x12B)
[0924/160725.407:WARNING:pe_image_reader.cc(340)] could not read dos header from C:\Windows\System32\ucrtbase.dll
[0924/160725.407:ERROR:process_memory_win.cc(73)] ReadMemory at 0x7ffc80b80000 of 64 bytes failed: Only part of a ReadProcessMemory or WriteProcessMemory request was completed. (0x12B)
[0924/160725.407:WARNING:pe_image_reader.cc(340)] could not read dos header from C:\Windows\System32\combase.dll
[0924/160725.407:ERROR:process_memory_win.cc(73)] ReadMemory at 0x7ffc7ea90000 of 64 bytes failed: Only part of a ReadProcessMemory or WriteProcessMemory request was completed. (0x12B)
[0924/160725.407:WARNING:pe_image_reader.cc(340)] could not read dos header from C:\Windows\System32\WINTRUST.dll
[0924/160725.407:ERROR:process_memory_win.cc(73)] ReadMemory at 0x7ffc7e9d0000 of 64 bytes failed: Only part of a ReadProcessMemory or WriteProcessMemory request was completed. (0x12B)
[0924/160725.407:WARNING:pe_image_reader.cc(340)] could not read dos header from C:\Windows\System32\MSASN1.dll
[0924/160725.407:ERROR:process_memory_win.cc(73)] ReadMemory at 0x7ffc7f0e0000 of 64 bytes failed: Only part of a ReadProcessMemory or WriteProcessMemory request was completed. (0x12B)
[0924/160725.407:WARNING:pe_image_reader.cc(340)] could not read dos header from C:\Windows\System32\CRYPT32.dll
[0924/160725.407:ERROR:process_memory_win.cc(73)] ReadMemory at 0x7ffc7de40000 of 64 bytes failed: Only part of a ReadProcessMemory or WriteProcessMemory request was completed. (0x12B)
[0924/160725.407:WARNING:pe_image_reader.cc(340)] could not read dos header from C:\Windows\SYSTEM32\IPHLPAPI.DLL
[0924/160725.407:ERROR:process_memory_win.cc(73)] ReadMemory at 0x7ffc78c80000 of 64 bytes failed: Only part of a ReadProcessMemory or WriteProcessMemory request was completed. (0x12B)
[0924/160725.407:WARNING:pe_image_reader.cc(340)] could not read dos header from C:\Windows\SYSTEM32\WINMM.dll
[0924/160725.407:ERROR:process_memory_win.cc(73)] ReadMemory at 0x7ffc62ac0000 of 64 bytes failed: Only part of a ReadProcessMemory or WriteProcessMemory request was completed. (0x12B)
[0924/160725.407:WARNING:pe_image_reader.cc(340)] could not read dos header from C:\Windows\SYSTEM32\UIAutomationCore.DLL
[0924/160725.407:ERROR:process_memory_win.cc(73)] ReadMemory at 0x7ffc602c0000 of 64 bytes failed: Only part of a ReadProcessMemory or WriteProcessMemory request was completed. (0x12B)
[0924/160725.407:WARNING:pe_image_reader.cc(340)] could not read dos header from C:\Windows\SYSTEM32\Secur32.dll
[0924/160725.407:ERROR:process_memory_win.cc(73)] ReadMemory at 0x7ffc7e860000 of 64 bytes failed: Only part of a ReadProcessMemory or WriteProcessMemory request was completed. (0x12B)
[0924/160725.407:WARNING:pe_image_reader.cc(340)] could not read dos header from C:\Windows\SYSTEM32\USERENV.dll
[0924/160725.407:ERROR:process_memory_win.cc(73)] ReadMemory at 0x7ffc7e950000 of 64 bytes failed: Only part of a ReadProcessMemory or WriteProcessMemory request was completed. (0x12B)
[0924/160725.407:WARNING:pe_image_reader.cc(340)] could not read dos header from C:\Windows\System32\profapi.dll
[0924/160725.407:ERROR:process_memory_win.cc(73)] ReadMemory at 0x7ffc623e0000 of 64 bytes failed: Only part of a ReadProcessMemory or WriteProcessMemory request was completed. (0x12B)
[0924/160725.407:WARNING:pe_image_reader.cc(340)] could not read dos header from C:\Windows\SYSTEM32\DWrite.dll
[0924/160725.407:ERROR:process_memory_win.cc(73)] ReadMemory at 0x7ffc5a6e0000 of 64 bytes failed: Only part of a ReadProcessMemory or WriteProcessMemory request was completed. (0x12B)
[0924/160725.407:WARNING:pe_image_reader.cc(340)] could not read dos header from C:\Windows\SYSTEM32\WINSPOOL.DRV
[0924/160725.407:ERROR:process_memory_win.cc(73)] ReadMemory at 0x7ffc7e9f0000 of 64 bytes failed: Only part of a ReadProcessMemory or WriteProcessMemory request was completed. (0x12B)
[0924/160725.407:WARNING:pe_image_reader.cc(340)] could not read dos header from C:\Windows\System32\kernel.appcore.dll
[0924/160725.407:ERROR:process_memory_win.cc(73)] ReadMemory at 0x7ffc7fb00000 of 64 bytes failed: Only part of a ReadProcessMemory or WriteProcessMemory request was completed. (0x12B)
[0924/160725.407:WARNING:pe_image_reader.cc(340)] could not read dos header from C:\Windows\System32\bcrypt.dll
[0924/160725.407:ERROR:process_memory_win.cc(73)] ReadMemory at 0x7ffc799b0000 of 64 bytes failed: Only part of a ReadProcessMemory or WriteProcessMemory request was completed. (0x12B)
[0924/160725.407:WARNING:pe_image_reader.cc(340)] could not read dos header from C:\Windows\SYSTEM32\dbghelp.dll
[0924/160725.407:ERROR:process_memory_win.cc(73)] ReadMemory at 0x7ffc63d60000 of 64 bytes failed: Only part of a ReadProcessMemory or WriteProcessMemory request was completed. (0x12B)
[0924/160725.407:WARNING:pe_image_reader.cc(340)] could not read dos header from C:\Windows\SYSTEM32\WINHTTP.dll
[0924/160725.407:ERROR:process_memory_win.cc(73)] ReadMemory at 0x7ffc6c7e0000 of 64 bytes failed: Only part of a ReadProcessMemory or WriteProcessMemory request was completed. (0x12B)
[0924/160725.407:WARNING:pe_image_reader.cc(340)] could not read dos header from C:\Windows\SYSTEM32\dhcpcsvc.DLL
[0924/160725.407:ERROR:process_memory_win.cc(73)] ReadMemory at 0x2049d180000 of 64 bytes failed: Only part of a ReadProcessMemory or WriteProcessMemory request was completed. (0x12B)
[0924/160725.407:WARNING:pe_image_reader.cc(340)] could not read dos header from C:\Windows\System32\NSI.dll
[0924/160725.407:ERROR:process_memory_win.cc(73)] ReadMemory at 0x7ffc78c50000 of 64 bytes failed: Only part of a ReadProcessMemory or WriteProcessMemory request was completed. (0x12B)
[0924/160725.407:WARNING:pe_image_reader.cc(340)] could not read dos header from C:\Windows\SYSTEM32\WINMMBASE.dll
[0924/160725.407:ERROR:process_memory_win.cc(73)] ReadMemory at 0x7ffc7fab0000 of 64 bytes failed: Only part of a ReadProcessMemory or WriteProcessMemory request was completed. (0x12B)
[0924/160725.407:WARNING:pe_image_reader.cc(340)] could not read dos header from C:\Windows\System32\cfgmgr32.dll
[0924/160725.407:ERROR:process_memory_win.cc(73)] ReadMemory at 0x7ffc775b0000 of 64 bytes failed: Only part of a ReadProcessMemory or WriteProcessMemory request was completed. (0x12B)
[0924/160725.407:WARNING:pe_image_reader.cc(340)] could not read dos header from C:\Windows\SYSTEM32\PROPSYS.dll
[0924/160725.407:ERROR:process_memory_win.cc(73)] ReadMemory at 0x7ffc801e0000 of 64 bytes failed: Only part of a ReadProcessMemory or WriteProcessMemory request was completed. (0x12B)
[0924/160725.407:WARNING:pe_image_reader.cc(340)] could not read dos header from C:\Windows\System32\shcore.dll
[0924/160725.407:ERROR:process_memory_win.cc(73)] ReadMemory at 0x7ffc7e820000 of 64 bytes failed: Only part of a ReadProcessMemory or WriteProcessMemory request was completed. (0x12B)
[0924/160725.407:WARNING:pe_image_reader.cc(340)] could not read dos header from C:\Windows\SYSTEM32\SSPICLI.DLL
[0924/160725.407:ERROR:process_memory_win.cc(73)] ReadMemory at 0x7ffc7e360000 of 64 bytes failed: Only part of a ReadProcessMemory or WriteProcessMemory request was completed. (0x12B)
[0924/160725.407:WARNING:pe_image_reader.cc(340)] could not read dos header from C:\Windows\SYSTEM32\CRYPTBASE.DLL
[0924/160725.419:ERROR:process_memory_win.cc(73)] ReadMemory at 0xd129906000 of 1024000 bytes failed: Only part of a ReadProcessMemory or WriteProcessMemory request was completed. (0x12B)
[0924/160725.423:ERROR:process_memory_win.cc(73)] ReadMemory at 0xd12a1fd000 of 12288 bytes failed: Only part of a ReadProcessMemory or WriteProcessMemory request was completed. (0x12B)
[0924/160725.423:ERROR:process_memory_win.cc(73)] ReadMemory at 0xd12a9f7000 of 36864 bytes failed: Only part of a ReadProcessMemory or WriteProcessMemory request was completed. (0x12B)
[0924/160725.423:ERROR:process_memory_win.cc(73)] ReadMemory at 0xd12b1fc000 of 16384 bytes failed: Only part of a ReadProcessMemory or WriteProcessMemory request was completed. (0x12B)
[0924/160725.423:ERROR:process_memory_win.cc(73)] ReadMemory at 0xd12b9fc000 of 16384 bytes failed: Only part of a ReadProcessMemory or WriteProcessMemory request was completed. (0x12B)
[0924/160725.423:ERROR:process_memory_win.cc(73)] ReadMemory at 0xd12c1ff000 of 4096 bytes failed: Only part of a ReadProcessMemory or WriteProcessMemory request was completed. (0x12B)
[0924/160725.423:ERROR:process_memory_win.cc(73)] ReadMemory at 0xd12c9fd000 of 12288 bytes failed: Only part of a ReadProcessMemory or WriteProcessMemory request was completed. (0x12B)
[0924/160725.423:ERROR:process_memory_win.cc(73)] ReadMemory at 0xd12d1fc000 of 16384 bytes failed: Only part of a ReadProcessMemory or WriteProcessMemory request was completed. (0x12B)
[0924/160725.423:ERROR:process_memory_win.cc(73)] ReadMemory at 0xd12e1fc000 of 16384 bytes failed: Only part of a ReadProcessMemory or WriteProcessMemory request was completed. (0x12B)
[0924/160725.423:ERROR:process_memory_win.cc(73)] ReadMemory at 0xd12d9fd000 of 12288 bytes failed: Only part of a ReadProcessMemory or WriteProcessMemory request was completed. (0x12B)
[0924/160725.423:ERROR:process_memory_win.cc(73)] ReadMemory at 0xd12e9fb000 of 20480 bytes failed: Only part of a ReadProcessMemory or WriteProcessMemory request was completed. (0x12B)
[0924/160725.423:ERROR:process_memory_win.cc(73)] ReadMemory at 0xd12f1fc000 of 16384 bytes failed: Only part of a ReadProcessMemory or WriteProcessMemory request was completed. (0x12B)
[0924/160725.423:ERROR:process_memory_win.cc(73)] ReadMemory at 0xd12f9fd000 of 12288 bytes failed: Only part of a ReadProcessMemory or WriteProcessMemory request was completed. (0x12B)
[0924/160725.423:ERROR:process_memory_win.cc(73)] ReadMemory at 0xd1301f6000 of 40960 bytes failed: Only part of a ReadProcessMemory or WriteProcessMemory request was completed. (0x12B)
[0924/160725.423:ERROR:process_memory_win.cc(73)] ReadMemory at 0xd1309fb000 of 20480 bytes failed: Only part of a ReadProcessMemory or WriteProcessMemory request was completed. (0x12B)
[0924/160725.423:ERROR:process_memory_win.cc(73)] ReadMemory at 0xd1311fc000 of 16384 bytes failed: Only part of a ReadProcessMemory or WriteProcessMemory request was completed. (0x12B)
[0924/160725.423:ERROR:process_memory_win.cc(73)] ReadMemory at 0xd1321fc000 of 16384 bytes failed: Only part of a ReadProcessMemory or WriteProcessMemory request was completed. (0x12B)
[0924/160725.423:ERROR:process_memory_win.cc(73)] ReadMemory at 0xd1329fd000 of 12288 bytes failed: Only part of a ReadProcessMemory or WriteProcessMemory request was completed. (0x12B)
[0924/160725.423:ERROR:process_memory_win.cc(73)] ReadMemory at 0xd132afd000 of 12288 bytes failed: Only part of a ReadProcessMemory or WriteProcessMemory request was completed. (0x12B)
[0924/160725.423:ERROR:process_memory_win.cc(73)] ReadMemory at 0xd1290c6000 of 852 bytes failed: Only part of a ReadProcessMemory or WriteProcessMemory request was completed. (0x12B)
[0924/160725.423:ERROR:process_memory_win.cc(73)] ReadMemory at 0xd1290c7000 of 6024 bytes failed: Only part of a ReadProcessMemory or WriteProcessMemory request was completed. (0x12B)
[0924/160725.423:ERROR:process_memory_win.cc(73)] ReadMemory at 0xd1290c9000 of 6024 bytes failed: Only part of a ReadProcessMemory or WriteProcessMemory request was completed. (0x12B)
[0924/160725.423:ERROR:process_memory_win.cc(73)] ReadMemory at 0xd1290cb000 of 6024 bytes failed: Only part of a ReadProcessMemory or WriteProcessMemory request was completed. (0x12B)
[0924/160725.423:ERROR:process_memory_win.cc(73)] ReadMemory at 0xd1290cd000 of 6024 bytes failed: Only part of a ReadProcessMemory or WriteProcessMemory request was completed. (0x12B)
[0924/160725.423:ERROR:process_memory_win.cc(73)] ReadMemory at 0xd1290cf000 of 6024 bytes failed: Only part of a ReadProcessMemory or WriteProcessMemory request was completed. (0x12B)
[0924/160725.423:ERROR:process_memory_win.cc(73)] ReadMemory at 0xd1290d1000 of 6024 bytes failed: Only part of a ReadProcessMemory or WriteProcessMemory request was completed. (0x12B)
[0924/160725.423:ERROR:process_memory_win.cc(73)] ReadMemory at 0xd1290d3000 of 6024 bytes failed: Only part of a ReadProcessMemory or WriteProcessMemory request was completed. (0x12B)
[0924/160725.423:ERROR:process_memory_win.cc(73)] ReadMemory at 0xd1290d5000 of 6024 bytes failed: Only part of a ReadProcessMemory or WriteProcessMemory request was completed. (0x12B)
[0924/160725.423:ERROR:process_memory_win.cc(73)] ReadMemory at 0xd1290d7000 of 6024 bytes failed: Only part of a ReadProcessMemory or WriteProcessMemory request was completed. (0x12B)
[0924/160725.423:ERROR:process_memory_win.cc(73)] ReadMemory at 0xd1290d9000 of 6024 bytes failed: Only part of a ReadProcessMemory or WriteProcessMemory request was completed. (0x12B)
[0924/160725.423:ERROR:process_memory_win.cc(73)] ReadMemory at 0xd1290db000 of 6024 bytes failed: Only part of a ReadProcessMemory or WriteProcessMemory request was completed. (0x12B)
[0924/160725.423:ERROR:process_memory_win.cc(73)] ReadMemory at 0xd1290dd000 of 6024 bytes failed: Only part of a ReadProcessMemory or WriteProcessMemory request was completed. (0x12B)
[0924/160725.423:ERROR:process_memory_win.cc(73)] ReadMemory at 0xd1290df000 of 6024 bytes failed: Only part of a ReadProcessMemory or WriteProcessMemory request was completed. (0x12B)
[0924/160725.427:ERROR:process_memory_win.cc(73)] ReadMemory at 0xd1290e1000 of 6024 bytes failed: Only part of a ReadProcessMemory or WriteProcessMemory request was completed. (0x12B)
[0924/160725.427:ERROR:process_memory_win.cc(73)] ReadMemory at 0xd1290e3000 of 6024 bytes failed: Only part of a ReadProcessMemory or WriteProcessMemory request was completed. (0x12B)
[0924/160725.427:ERROR:process_memory_win.cc(73)] ReadMemory at 0xd1290e5000 of 6024 bytes failed: Only part of a ReadProcessMemory or WriteProcessMemory request was completed. (0x12B)
[0924/160725.427:ERROR:process_memory_win.cc(73)] ReadMemory at 0xd1290e9000 of 6024 bytes failed: Only part of a ReadProcessMemory or WriteProcessMemory request was completed. (0x12B)
[0924/160725.427:ERROR:process_memory_win.cc(73)] ReadMemory at 0xd1290eb000 of 6024 bytes failed: Only part of a ReadProcessMemory or WriteProcessMemory request was completed. (0x12B)
[0924/160725.427:ERROR:process_memory_win.cc(73)] ReadMemory at 0xd1290ed000 of 6024 bytes failed: Only part of a ReadProcessMemory or WriteProcessMemory request was completed. (0x12B)
[0924/160725.427:ERROR:process_memory_win.cc(73)] ReadMemory at 0x2049d000000 of 384 bytes failed: Only part of a ReadProcessMemory or WriteProcessMemory request was completed. (0x12B)
[0924/160725.427:ERROR:process_memory_win.cc(73)] ReadMemory at 0x2049d000fe0 of 3564 bytes failed: Only part of a ReadProcessMemory or WriteProcessMemory request was completed. (0x12B)
[0924/160725.427:ERROR:process_memory_win.cc(73)] ReadMemory at 0x2049d001de0 of 1012 bytes failed: Only part of a ReadProcessMemory or WriteProcessMemory request was completed. (0x12B)
[0924/160725.427:ERROR:process_memory_win.cc(73)] ReadMemory at 0x2049d002428 of 118 bytes failed: Only part of a ReadProcessMemory or WriteProcessMemory request was completed. (0x12B)
[0924/160725.427:ERROR:process_memory_win.cc(73)] ReadMemory at 0x2049d0024a0 of 954 bytes failed: Only part of a ReadProcessMemory or WriteProcessMemory request was completed. (0x12B)
[0924/160725.427:ERROR:process_memory_win.cc(73)] ReadMemory at 0x2049d00285c of 118 bytes failed: Only part of a ReadProcessMemory or WriteProcessMemory request was completed. (0x12B)
[0924/160725.427:ERROR:process_memory_win.cc(73)] ReadMemory at 0x2049d0028d4 of 100 bytes failed: Only part of a ReadProcessMemory or WriteProcessMemory request was completed. (0x12B)
[0924/160725.427:ERROR:process_memory_win.cc(73)] ReadMemory at 0x2049d002950 of 58 bytes failed: Only part of a ReadProcessMemory or WriteProcessMemory request was completed. (0x12B)
[0924/160725.427:ERROR:process_memory_win.cc(73)] ReadMemory at 0x2049d002a50 of 132 bytes failed: Only part of a ReadProcessMemory or WriteProcessMemory request was completed. (0x12B)
[0924/160725.427:ERROR:process_memory_win.cc(73)] ReadMemory at 0x2049d002be0 of 132 bytes failed: Only part of a ReadProcessMemory or WriteProcessMemory request was completed. (0x12B)
[0924/160725.427:ERROR:process_memory_win.cc(73)] ReadMemory at 0x2049d002da0 of 126 bytes failed: Only part of a ReadProcessMemory or WriteProcessMemory request was completed. (0x12B)
[0924/160725.427:ERROR:process_memory_win.cc(73)] ReadMemory at 0x2049d003180 of 132 bytes failed: Only part of a ReadProcessMemory or WriteProcessMemory request was completed. (0x12B)
[0924/160725.427:ERROR:process_memory_win.cc(73)] ReadMemory at 0x2049d003310 of 64 bytes failed: Only part of a ReadProcessMemory or WriteProcessMemory request was completed. (0x12B)
[0924/160725.427:ERROR:process_memory_win.cc(73)] ReadMemory at 0x2049d0034d0 of 132 bytes failed: Only part of a ReadProcessMemory or WriteProcessMemory request was completed. (0x12B)
[0924/160725.427:ERROR:process_memory_win.cc(73)] ReadMemory at 0x2049d003770 of 132 bytes failed: Only part of a ReadProcessMemory or WriteProcessMemory request was completed. (0x12B)
[0924/160725.427:ERROR:process_memory_win.cc(73)] ReadMemory at 0x2049d003900 of 68 bytes failed: Only part of a ReadProcessMemory or WriteProcessMemory request was completed. (0x12B)
[0924/160725.427:ERROR:process_memory_win.cc(73)] ReadMemory at 0x2049d004a30 of 132 bytes failed: Only part of a ReadProcessMemory or WriteProcessMemory request was completed. (0x12B)
[0924/160725.427:ERROR:process_memory_win.cc(73)] ReadMemory at 0x2049d004bc0 of 154 bytes failed: Only part of a ReadProcessMemory or WriteProcessMemory request was completed. (0x12B)
[0924/160725.427:ERROR:process_memory_win.cc(73)] ReadMemory at 0x2049d005990 of 62 bytes failed: Only part of a ReadProcessMemory or WriteProcessMemory request was completed. (0x12B)
[0924/160725.427:ERROR:process_memory_win.cc(73)] ReadMemory at 0x2049d005ea0 of 132 bytes failed: Only part of a ReadProcessMemory or WriteProcessMemory request was completed. (0x12B)
[0924/160725.427:ERROR:process_memory_win.cc(73)] ReadMemory at 0x2049d005fd0 of 60 bytes failed: Only part of a ReadProcessMemory or WriteProcessMemory request was completed. (0x12B)
[0924/160725.427:ERROR:process_memory_win.cc(73)] ReadMemory at 0x2049d010fb0 of 146 bytes failed: Only part of a ReadProcessMemory or WriteProcessMemory request was completed. (0x12B)
[0924/160725.427:ERROR:process_memory_win.cc(73)] ReadMemory at 0x2049d012e70 of 80 bytes failed: Only part of a ReadProcessMemory or WriteProcessMemory request was completed. (0x12B)
[0924/160725.427:ERROR:process_memory_win.cc(73)] ReadMemory at 0x2049d0135d0 of 132 bytes failed: Only part of a ReadProcessMemory or WriteProcessMemory request was completed. (0x12B)
[0924/160725.427:ERROR:process_memory_win.cc(73)] ReadMemory at 0x2049d013700 of 132 bytes failed: Only part of a ReadProcessMemory or WriteProcessMemory request was completed. (0x12B)
[0924/160725.427:ERROR:process_memory_win.cc(73)] ReadMemory at 0x2049d0141b0 of 132 bytes failed: Only part of a ReadProcessMemory or WriteProcessMemory request was completed. (0x12B)
[0924/160725.427:ERROR:process_memory_win.cc(73)] ReadMemory at 0x2049d015520 of 132 bytes failed: Only part of a ReadProcessMemory or WriteProcessMemory request was completed. (0x12B)
[0924/160725.427:ERROR:process_memory_win.cc(73)] ReadMemory at 0x2049d015650 of 132 bytes failed: Only part of a ReadProcessMemory or WriteProcessMemory request was completed. (0x12B)
[0924/160725.427:ERROR:process_memory_win.cc(73)] ReadMemory at 0x2049d015980 of 132 bytes failed: Only part of a ReadProcessMemory or WriteProcessMemory request was completed. (0x12B)
[0924/160725.427:ERROR:process_memory_win.cc(73)] ReadMemory at 0x2049d015ab0 of 132 bytes failed: Only part of a ReadProcessMemory or WriteProcessMemory request was completed. (0x12B)
[0924/160725.427:ERROR:process_memory_win.cc(73)] ReadMemory at 0x2049d015be0 of 132 bytes failed: Only part of a ReadProcessMemory or WriteProcessMemory request was completed. (0x12B)
[0924/160725.427:ERROR:process_memory_win.cc(73)] ReadMemory at 0x2049d015d10 of 132 bytes failed: Only part of a ReadProcessMemory or WriteProcessMemory request was completed. (0x12B)
[0924/160725.427:ERROR:process_memory_win.cc(73)] ReadMemory at 0x2049d015e40 of 132 bytes failed: Only part of a ReadProcessMemory or WriteProcessMemory request was completed. (0x12B)
[0924/160725.427:ERROR:process_memory_win.cc(73)] ReadMemory at 0x2049d015f70 of 132 bytes failed: Only part of a ReadProcessMemory or WriteProcessMemory request was completed. (0x12B)
[0924/160725.427:ERROR:process_memory_win.cc(73)] ReadMemory at 0x2049d0160a0 of 132 bytes failed: Only part of a ReadProcessMemory or WriteProcessMemory request was completed. (0x12B)
[0924/160725.427:ERROR:process_memory_win.cc(73)] ReadMemory at 0x2049d0161d0 of 132 bytes failed: Only part of a ReadProcessMemory or WriteProcessMemory request was completed. (0x12B)
[0924/160725.427:ERROR:process_memory_win.cc(73)] ReadMemory at 0x2049d016430 of 132 bytes failed: Only part of a ReadProcessMemory or WriteProcessMemory request was completed. (0x12B)
[0924/160725.427:ERROR:process_memory_win.cc(73)] ReadMemory at 0x2049d016560 of 132 bytes failed: Only part of a ReadProcessMemory or WriteProcessMemory request was completed. (0x12B)
[0924/160725.427:ERROR:process_memory_win.cc(73)] ReadMemory at 0x2049d016690 of 132 bytes failed: Only part of a ReadProcessMemory or WriteProcessMemory request was completed. (0x12B)
[0924/160725.427:ERROR:process_memory_win.cc(73)] ReadMemory at 0x2049d0167c0 of 132 bytes failed: Only part of a ReadProcessMemory or WriteProcessMemory request was completed. (0x12B)
[0924/160725.427:ERROR:process_memory_win.cc(73)] ReadMemory at 0x2049d017680 of 132 bytes failed: Only part of a ReadProcessMemory or WriteProcessMemory request was completed. (0x12B)
[0924/160725.427:ERROR:process_memory_win.cc(73)] ReadMemory at 0x2049d0179a0 of 132 bytes failed: Only part of a ReadProcessMemory or WriteProcessMemory request was completed. (0x12B)
[0924/160725.427:ERROR:process_memory_win.cc(73)] ReadMemory at 0x2049d017bc0 of 132 bytes failed: Only part of a ReadProcessMemory or WriteProcessMemory request was completed. (0x12B)
[0924/160725.427:ERROR:process_memory_win.cc(73)] ReadMemory at 0x2049d018d70 of 132 bytes failed: Only part of a ReadProcessMemory or WriteProcessMemory request was completed. (0x12B)
[0924/160725.427:ERROR:process_memory_win.cc(73)] ReadMemory at 0x2049d01b0e0 of 132 bytes failed: Only part of a ReadProcessMemory or WriteProcessMemory request was completed. (0x12B)
[0924/160725.427:ERROR:process_memory_win.cc(73)] ReadMemory at 0x2049d01b430 of 62 bytes failed: Only part of a ReadProcessMemory or WriteProcessMemory request was completed. (0x12B)
[0924/160725.427:ERROR:process_memory_win.cc(73)] ReadMemory at 0x2049d01b5c0 of 62 bytes failed: Only part of a ReadProcessMemory or WriteProcessMemory request was completed. (0x12B)
[0924/160725.431:ERROR:process_memory_win.cc(73)] ReadMemory at 0x2049d01b660 of 64 bytes failed: Only part of a ReadProcessMemory or WriteProcessMemory request was completed. (0x12B)
[0924/160725.431:ERROR:process_memory_win.cc(73)] ReadMemory at 0x2049d01b750 of 60 bytes failed: Only part of a ReadProcessMemory or WriteProcessMemory request was completed. (0x12B)
[0924/160725.431:ERROR:process_memory_win.cc(73)] ReadMemory at 0x2049d01b7a0 of 66 bytes failed: Only part of a ReadProcessMemory or WriteProcessMemory request was completed. (0x12B)
[0924/160725.431:ERROR:process_memory_win.cc(73)] ReadMemory at 0x2049d01b7f0 of 64 bytes failed: Only part of a ReadProcessMemory or WriteProcessMemory request was completed. (0x12B)
[0924/160725.431:ERROR:process_memory_win.cc(73)] ReadMemory at 0x2049d01b840 of 60 bytes failed: Only part of a ReadProcessMemory or WriteProcessMemory request was completed. (0x12B)
[0924/160725.431:ERROR:process_memory_win.cc(73)] ReadMemory at 0x2049d01b8e0 of 64 bytes failed: Only part of a ReadProcessMemory or WriteProcessMemory request was completed. (0x12B)
[0924/160725.431:ERROR:process_memory_win.cc(73)] ReadMemory at 0x2049d01ba20 of 62 bytes failed: Only part of a ReadProcessMemory or WriteProcessMemory request was completed. (0x12B)
[0924/160725.431:ERROR:process_memory_win.cc(73)] ReadMemory at 0x2049d01ba70 of 62 bytes failed: Only part of a ReadProcessMemory or WriteProcessMemory request was completed. (0x12B)
[0924/160725.431:ERROR:process_memory_win.cc(73)] ReadMemory at 0x2049d01bac0 of 60 bytes failed: Only part of a ReadProcessMemory or WriteProcessMemory request was completed. (0x12B)
[0924/160725.431:ERROR:process_memory_win.cc(73)] ReadMemory at 0x2049d01bb10 of 62 bytes failed: Only part of a ReadProcessMemory or WriteProcessMemory request was completed. (0x12B)
[0924/160725.431:ERROR:process_memory_win.cc(73)] ReadMemory at 0x2049d01bb60 of 62 bytes failed: Only part of a ReadProcessMemory or WriteProcessMemory request was completed. (0x12B)
[0924/160725.431:ERROR:process_memory_win.cc(73)] ReadMemory at 0x2049d01bbb0 of 66 bytes failed: Only part of a ReadProcessMemory or WriteProcessMemory request was completed. (0x12B)
[0924/160725.431:ERROR:process_memory_win.cc(73)] ReadMemory at 0x2049d01bc00 of 64 bytes failed: Only part of a ReadProcessMemory or WriteProcessMemory request was completed. (0x12B)
[0924/160725.431:ERROR:process_memory_win.cc(73)] ReadMemory at 0x2049d01bc50 of 62 bytes failed: Only part of a ReadProcessMemory or WriteProcessMemory request was completed. (0x12B)
[0924/160725.431:ERROR:process_memory_win.cc(73)] ReadMemory at 0x2049d01bcf0 of 62 bytes failed: Only part of a ReadProcessMemory or WriteProcessMemory request was completed. (0x12B)
[0924/160725.431:ERROR:process_memory_win.cc(73)] ReadMemory at 0x2049d01be30 of 62 bytes failed: Only part of a ReadProcessMemory or WriteProcessMemory request was completed. (0x12B)
[0924/160725.431:ERROR:process_memory_win.cc(73)] ReadMemory at 0x2049d01be80 of 60 bytes failed: Only part of a ReadProcessMemory or WriteProcessMemory request was completed. (0x12B)
[0924/160725.431:ERROR:process_memory_win.cc(73)] ReadMemory at 0x2049d01bed0 of 60 bytes failed: Only part of a ReadProcessMemory or WriteProcessMemory request was completed. (0x12B)
[0924/160725.431:ERROR:process_memory_win.cc(73)] ReadMemory at 0x2049d01bfc0 of 62 bytes failed: Only part of a ReadProcessMemory or WriteProcessMemory request was completed. (0x12B)
[0924/160725.431:ERROR:process_memory_win.cc(73)] ReadMemory at 0x2049d01c0b0 of 64 bytes failed: Only part of a ReadProcessMemory or WriteProcessMemory request was completed. (0x12B)
[0924/160725.431:ERROR:process_memory_win.cc(73)] ReadMemory at 0x2049d01c100 of 58 bytes failed: Only part of a ReadProcessMemory or WriteProcessMemory request was completed. (0x12B)
[0924/160725.431:ERROR:process_memory_win.cc(73)] ReadMemory at 0x2049d01c150 of 64 bytes failed: Only part of a ReadProcessMemory or WriteProcessMemory request was completed. (0x12B)
[0924/160725.431:ERROR:process_memory_win.cc(73)] ReadMemory at 0x2049d01c1a0 of 64 bytes failed: Only part of a ReadProcessMemory or WriteProcessMemory request was completed. (0x12B)
[0924/160725.431:ERROR:process_memory_win.cc(73)] ReadMemory at 0x2049d01c1f0 of 64 bytes failed: Only part of a ReadProcessMemory or WriteProcessMemory request was completed. (0x12B)
[0924/160725.431:ERROR:process_memory_win.cc(73)] ReadMemory at 0x2049d01c290 of 60 bytes failed: Only part of a ReadProcessMemory or WriteProcessMemory request was completed. (0x12B)
[0924/160725.431:ERROR:process_memory_win.cc(73)] ReadMemory at 0x2049d01e890 of 54 bytes failed: Only part of a ReadProcessMemory or WriteProcessMemory request was completed. (0x12B)
[0924/160725.431:ERROR:process_memory_win.cc(73)] ReadMemory at 0x2049d0204d0 of 76 bytes failed: Only part of a ReadProcessMemory or WriteProcessMemory request was completed. (0x12B)
[0924/160725.431:ERROR:process_memory_win.cc(73)] ReadMemory at 0x2049d020590 of 80 bytes failed: Only part of a ReadProcessMemory or WriteProcessMemory request was completed. (0x12B)
[0924/160725.431:ERROR:process_memory_win.cc(73)] ReadMemory at 0x2049d021fe0 of 132 bytes failed: Only part of a ReadProcessMemory or WriteProcessMemory request was completed. (0x12B)
[0924/160725.431:ERROR:process_memory_win.cc(73)] ReadMemory at 0x2049d022700 of 132 bytes failed: Only part of a ReadProcessMemory or WriteProcessMemory request was completed. (0x12B)
[0924/160725.431:ERROR:process_memory_win.cc(73)] ReadMemory at 0x2049d022830 of 132 bytes failed: Only part of a ReadProcessMemory or WriteProcessMemory request was completed. (0x12B)
[0924/160725.431:ERROR:process_memory_win.cc(73)] ReadMemory at 0x2049d022a90 of 132 bytes failed: Only part of a ReadProcessMemory or WriteProcessMemory request was completed. (0x12B)
[0924/160725.431:ERROR:process_memory_win.cc(73)] ReadMemory at 0x2049d022cf0 of 132 bytes failed: Only part of a ReadProcessMemory or WriteProcessMemory request was completed. (0x12B)
[0924/160725.431:ERROR:process_memory_win.cc(73)] ReadMemory at 0x2049d023080 of 132 bytes failed: Only part of a ReadProcessMemory or WriteProcessMemory request was completed. (0x12B)
[0924/160725.431:ERROR:process_memory_win.cc(73)] ReadMemory at 0x2049d023540 of 132 bytes failed: Only part of a ReadProcessMemory or WriteProcessMemory request was completed. (0x12B)
[0924/160725.431:ERROR:process_memory_win.cc(73)] ReadMemory at 0x2049d023670 of 132 bytes failed: Only part of a ReadProcessMemory or WriteProcessMemory request was completed. (0x12B)
[0924/160725.431:ERROR:process_memory_win.cc(73)] ReadMemory at 0x2049d0238d0 of 132 bytes failed: Only part of a ReadProcessMemory or WriteProcessMemory request was completed. (0x12B)
[0924/160725.431:ERROR:process_memory_win.cc(73)] ReadMemory at 0x2049d023b30 of 132 bytes failed: Only part of a ReadProcessMemory or WriteProcessMemory request was completed. (0x12B)
[0924/160725.431:ERROR:process_memory_win.cc(73)] ReadMemory at 0x2049d026303 of 512 bytes failed: Only part of a ReadProcessMemory or WriteProcessMemory request was completed. (0x12B)
[0924/160725.431:ERROR:process_memory_win.cc(73)] ReadMemory at 0x2049d030ac0 of 512 bytes failed: Only part of a ReadProcessMemory or WriteProcessMemory request was completed. (0x12B)
[0924/160725.431:ERROR:process_memory_win.cc(73)] ReadMemory at 0x2049d0337d0 of 512 bytes failed: Only part of a ReadProcessMemory or WriteProcessMemory request was completed. (0x12B)
[0924/160725.431:ERROR:process_memory_win.cc(73)] ReadMemory at 0x2049d0392e0 of 512 bytes failed: Only part of a ReadProcessMemory or WriteProcessMemory request was completed. (0x12B)
[0924/160725.431:ERROR:process_memory_win.cc(73)] ReadMemory at 0x2049d06b4f0 of 512 bytes failed: Only part of a ReadProcessMemory or WriteProcessMemory request was completed. (0x12B)
[0924/160725.431:ERROR:process_memory_win.cc(73)] ReadMemory at 0x2049d06b8f0 of 512 bytes failed: Only part of a ReadProcessMemory or WriteProcessMemory request was completed. (0x12B)
[0924/160725.431:ERROR:process_memory_win.cc(73)] ReadMemory at 0x2049d0795b0 of 512 bytes failed: Only part of a ReadProcessMemory or WriteProcessMemory request was completed. (0x12B)
[0924/160725.431:ERROR:process_memory_win.cc(73)] ReadMemory at 0x2049d07e180 of 512 bytes failed: Only part of a ReadProcessMemory or WriteProcessMemory request was completed. (0x12B)
[0924/160725.431:ERROR:process_memory_win.cc(73)] ReadMemory at 0x2049d086798 of 512 bytes failed: Only part of a ReadProcessMemory or WriteProcessMemory request was completed. (0x12B)
[0924/160725.431:ERROR:process_memory_win.cc(73)] ReadMemory at 0x2049d08c950 of 512 bytes failed: Only part of a ReadProcessMemory or WriteProcessMemory request was completed. (0x12B)
[0924/160725.431:ERROR:process_memory_win.cc(73)] ReadMemory at 0x2049d099690 of 512 bytes failed: Only part of a ReadProcessMemory or WriteProcessMemory request was completed. (0x12B)
[0924/160725.431:ERROR:process_memory_win.cc(73)] ReadMemory at 0x2049d09abe0 of 512 bytes failed: Only part of a ReadProcessMemory or WriteProcessMemory request was completed. (0x12B)
[0924/160725.431:ERROR:process_memory_win.cc(73)] ReadMemory at 0x2049d09af50 of 512 bytes failed: Only part of a ReadProcessMemory or WriteProcessMemory request was completed. (0x12B)
[0924/160725.431:ERROR:process_memory_win.cc(73)] ReadMemory at 0x2049d0a6320 of 712 bytes failed: Only part of a ReadProcessMemory or WriteProcessMemory request was completed. (0x12B)
[0924/160725.431:ERROR:process_memory_win.cc(73)] ReadMemory at 0x2049d132200 of 512 bytes failed: Only part of a ReadProcessMemory or WriteProcessMemory request was completed. (0x12B)
[0924/160725.431:ERROR:process_memory_win.cc(73)] ReadMemory at 0x2049d132800 of 512 bytes failed: Only part of a ReadProcessMemory or WriteProcessMemory request was completed. (0x12B)
[0924/160725.431:ERROR:process_memory_win.cc(73)] ReadMemory at 0x2049d134900 of 512 bytes failed: Only part of a ReadProcessMemory or WriteProcessMemory request was completed. (0x12B)
[0924/160725.431:ERROR:process_memory_win.cc(73)] ReadMemory at 0x2049e9f6420 of 512 bytes failed: Only part of a ReadProcessMemory or WriteProcessMemory request was completed. (0x12B)
[0924/160725.431:ERROR:process_memory_win.cc(73)] ReadMemory at 0x2049e9f7aa0 of 512 bytes failed: Only part of a ReadProcessMemory or WriteProcessMemory request was completed. (0x12B)
[0924/160725.431:ERROR:process_memory_win.cc(73)] ReadMemory at 0x2049e9fda80 of 512 bytes failed: Only part of a ReadProcessMemory or WriteProcessMemory request was completed. (0x12B)
[0924/160725.431:ERROR:process_memory_win.cc(73)] ReadMemory at 0x2049eafb174 of 896 bytes failed: Only part of a ReadProcessMemory or WriteProcessMemory request was completed. (0x12B)
[0924/160725.431:ERROR:process_memory_win.cc(73)] ReadMemory at 0x2049eb53968 of 512 bytes failed: Only part of a ReadProcessMemory or WriteProcessMemory request was completed. (0x12B)
[0924/160725.431:ERROR:process_memory_win.cc(73)] ReadMemory at 0x2049eb90550 of 512 bytes failed: Only part of a ReadProcessMemory or WriteProcessMemory request was completed. (0x12B)
[0924/160725.431:ERROR:process_memory_win.cc(73)] ReadMemory at 0x204a0616f81 of 512 bytes failed: Only part of a ReadProcessMemory or WriteProcessMemory request was completed. (0x12B)
[0924/160725.431:ERROR:process_memory_win.cc(73)] ReadMemory at 0x204a061ab60 of 512 bytes failed: Only part of a ReadProcessMemory or WriteProcessMemory request was completed. (0x12B)
[0924/160725.431:ERROR:process_memory_win.cc(73)] ReadMemory at 0x204a06c4280 of 512 bytes failed: Only part of a ReadProcessMemory or WriteProcessMemory request was completed. (0x12B)
[0924/160725.431:ERROR:process_memory_win.cc(73)] ReadMemory at 0x204a076d5e0 of 512 bytes failed: Only part of a ReadProcessMemory or WriteProcessMemory request was completed. (0x12B)
[0924/160725.435:ERROR:process_memory_win.cc(73)] ReadMemory at 0x204a1b3eb30 of 512 bytes failed: Only part of a ReadProcessMemory or WriteProcessMemory request was completed. (0x12B)
[0924/160725.435:ERROR:process_memory_win.cc(73)] ReadMemory at 0x204a1fd54c0 of 512 bytes failed: Only part of a ReadProcessMemory or WriteProcessMemory request was completed. (0x12B)
[0924/160725.435:ERROR:process_memory_win.cc(73)] ReadMemory at 0x204a3827050 of 512 bytes failed: Only part of a ReadProcessMemory or WriteProcessMemory request was completed. (0x12B)
[0924/160725.435:ERROR:process_memory_win.cc(73)] ReadMemory at 0x69a4095a3b59 of 512 bytes failed: Only part of a ReadProcessMemory or WriteProcessMemory request was completed. (0x12B)
[0924/160725.435:ERROR:process_memory_win.cc(73)] ReadMemory at 0x7ffbee7a6cd0 of 512 bytes failed: Only part of a ReadProcessMemory or WriteProcessMemory request was completed. (0x12B)
[0924/160725.435:ERROR:process_memory_win.cc(73)] ReadMemory at 0x7ffbf075a9f4 of 512 bytes failed: Only part of a ReadProcessMemory or WriteProcessMemory request was completed. (0x12B)
[0924/160725.435:ERROR:process_memory_win.cc(73)] ReadMemory at 0x7ffbf0a64b40 of 512 bytes failed: Only part of a ReadProcessMemory or WriteProcessMemory request was completed. (0x12B)
[0924/160725.435:ERROR:process_memory_win.cc(73)] ReadMemory at 0x7ffbf145eabd of 512 bytes failed: Only part of a ReadProcessMemory or WriteProcessMemory request was completed. (0x12B)
[0924/160725.435:ERROR:process_memory_win.cc(73)] ReadMemory at 0x7ffbf5e07475 of 512 bytes failed: Only part of a ReadProcessMemory or WriteProcessMemory request was completed. (0x12B)
[0924/160725.435:ERROR:process_memory_win.cc(73)] ReadMemory at 0x7ffbf62af109 of 512 bytes failed: Only part of a ReadProcessMemory or WriteProcessMemory request was completed. (0x12B)
[0924/160725.435:ERROR:process_memory_win.cc(73)] ReadMemory at 0x7ffbf6f6bfe0 of 512 bytes failed: Only part of a ReadProcessMemory or WriteProcessMemory request was completed. (0x12B)
[0924/160725.435:ERROR:process_memory_win.cc(73)] ReadMemory at 0x7ffbf700cf90 of 512 bytes failed: Only part of a ReadProcessMemory or WriteProcessMemory request was completed. (0x12B)
[0924/160725.435:ERROR:process_memory_win.cc(73)] ReadMemory at 0x7ffbf758cb90 of 512 bytes failed: Only part of a ReadProcessMemory or WriteProcessMemory request was completed. (0x12B)
[0924/160725.435:ERROR:process_memory_win.cc(73)] ReadMemory at 0x7ffc7ec33aa9 of 512 bytes failed: Only part of a ReadProcessMemory or WriteProcessMemory request was completed. (0x12B)
[0924/160725.435:ERROR:process_memory_win.cc(73)] ReadMemory at 0x7ffc80131f80 of 512 bytes failed: Only part of a ReadProcessMemory or WriteProcessMemory request was completed. (0x12B)
[0924/160725.435:ERROR:process_memory_win.cc(73)] ReadMemory at 0x7ffc81b1c074 of 672 bytes failed: Only part of a ReadProcessMemory or WriteProcessMemory request was completed. (0x12B)
[0924/160725.435:ERROR:process_memory_win.cc(73)] ReadMemory at 0x7ffc81b1c674 of 512 bytes failed: Only part of a ReadProcessMemory or WriteProcessMemory request was completed. (0x12B)
[0924/160725.435:ERROR:process_memory_win.cc(73)] ReadMemory at 0x7ffc81b1f924 of 608 bytes failed: Only part of a ReadProcessMemory or WriteProcessMemory request was completed. (0x12B)
[0924/160725.435:ERROR:process_memory_win.cc(73)] ReadMemory at 0x7ffc81bac428 of 18 bytes failed: Only part of a ReadProcessMemory or WriteProcessMemory request was completed. (0x12B)
[0924/160725.435:ERROR:process_memory_win.cc(73)] ReadMemory at 0x7ffc81bdf4f8 of 40 bytes failed: Only part of a ReadProcessMemory or WriteProcessMemory request was completed. (0x12B)
[0924/160725.435:ERROR:process_memory_win.cc(73)] ReadMemory at 0x7ffc81bdf978 of 48 bytes failed: Only part of a ReadProcessMemory or WriteProcessMemory request was completed. (0x12B)
[0924/160725.435:ERROR:process_memory_win.cc(73)] ReadMemory at 0x7ffc81be53c0 of 64 bytes failed: Only part of a ReadProcessMemory or WriteProcessMemory request was completed. (0x12B)
[0924/160725.435:ERROR:scoped_process_suspend.cc(40)] NtResumeProcess: An attempt was made to access an exiting process. (0xc000010a)
[0926/152810.749:ERROR:process_reader_win.cc(123)] NtOpenThread: {Access Denied} A process has requested access to an object, but has not been granted those access rights. (0xc0000022)
[0926/152810.749:ERROR:exception_snapshot_win.cc(99)] thread ID 16428 not found in process
[1002/190647.804:ERROR:process_reader_win.cc(123)] NtOpenThread: {Access Denied} A process has requested access to an object, but has not been granted those access rights. (0xc0000022)
[1002/190647.804:ERROR:process_reader_win.cc(123)] NtOpenThread: {Access Denied} A process has requested access to an object, but has not been granted those access rights. (0xc0000022)
[1002/190647.804:ERROR:exception_snapshot_win.cc(99)] thread ID 44624 not found in process
[1002/190647.804:ERROR:exception_snapshot_win.cc(99)] thread ID 44576 not found in process
[1004/190042.720:ERROR:process_reader_win.cc(151)] SuspendThread: Access is denied. (0x5)
[1004/190042.720:ERROR:process_reader_win.cc(151)] SuspendThread: Access is denied. (0x5)
[1004/190042.720:ERROR:process_reader_win.cc(151)] SuspendThread: Access is denied. (0x5)
[1004/190042.720:ERROR:process_reader_win.cc(151)] SuspendThread: Access is denied. (0x5)
[1004/190042.720:ERROR:process_reader_win.cc(151)] SuspendThread: Access is denied. (0x5)
[1004/190042.720:ERROR:process_reader_win.cc(151)] SuspendThread: Access is denied. (0x5)
[1004/190042.720:ERROR:process_reader_win.cc(123)] NtOpenThread: {Access Denied} A process has requested access to an object, but has not been granted those access rights. (0xc0000022)
[1004/190042.720:ERROR:process_reader_win.cc(123)] NtOpenThread: {Access Denied} A process has requested access to an object, but has not been granted those access rights. (0xc0000022)
[1004/190042.720:ERROR:exception_snapshot_win.cc(99)] thread ID 45700 not found in process
[1004/190042.720:ERROR:exception_snapshot_win.cc(99)] thread ID 45512 not found in process
[1004/190042.728:ERROR:process_reader_win.cc(123)] NtOpenThread: {Access Denied} A process has requested access to an object, but has not been granted those access rights. (0xc0000022)
[1004/190042.728:ERROR:exception_snapshot_win.cc(99)] thread ID 46268 not found in process
[1004/190042.728:ERROR:process_reader_win.cc(123)] NtOpenThread: {Access Denied} A process has requested access to an object, but has not been granted those access rights. (0xc0000022)
[1004/190042.728:ERROR:exception_snapshot_win.cc(99)] thread ID 32528 not found in process
[1004/190042.760:ERROR:process_reader_win.cc(151)] SuspendThread: Access is denied. (0x5)
[1004/190042.760:ERROR:process_reader_win.cc(151)] SuspendThread: Access is denied. (0x5)
[1004/190042.760:ERROR:process_reader_win.cc(123)] NtOpenThread: {Access Denied} A process has requested access to an object, but has not been granted those access rights. (0xc0000022)
[1004/190042.760:ERROR:exception_snapshot_win.cc(99)] thread ID 46320 not found in process
[1004/190042.760:ERROR:process_reader_win.cc(151)] SuspendThread: Access is denied. (0x5)
[1004/190042.760:ERROR:process_reader_win.cc(151)] SuspendThread: Access is denied. (0x5)
[1004/190042.760:ERROR:process_reader_win.cc(151)] SuspendThread: Access is denied. (0x5)
[1004/190042.760:ERROR:process_reader_win.cc(123)] NtOpenThread: {Access Denied} A process has requested access to an object, but has not been granted those access rights. (0xc0000022)
[1004/190042.760:ERROR:exception_snapshot_win.cc(99)] thread ID 41384 not found in process
[1004/190042.768:ERROR:process_reader_win.cc(151)] SuspendThread: Access is denied. (0x5)
[1004/190042.768:ERROR:process_reader_win.cc(151)] SuspendThread: Access is denied. (0x5)
[1004/190042.768:ERROR:process_reader_win.cc(123)] NtOpenThread: {Access Denied} A process has requested access to an object, but has not been granted those access rights. (0xc0000022)
[1004/190042.768:ERROR:exception_snapshot_win.cc(99)] thread ID 3132 not found in process
[1004/190042.768:ERROR:process_reader_win.cc(123)] NtOpenThread: {Access Denied} A process has requested access to an object, but has not been granted those access rights. (0xc0000022)
[1004/190042.768:ERROR:exception_snapshot_win.cc(99)] thread ID 37772 not found in process
[1004/190042.784:ERROR:process_reader_win.cc(151)] SuspendThread: Access is denied. (0x5)
[1004/190042.784:ERROR:process_reader_win.cc(151)] SuspendThread: Access is denied. (0x5)
[1004/190042.784:ERROR:process_reader_win.cc(151)] SuspendThread: Access is denied. (0x5)
[1004/190042.784:ERROR:process_reader_win.cc(151)] SuspendThread: Access is denied. (0x5)
[1004/190042.784:ERROR:process_reader_win.cc(151)] SuspendThread: Access is denied. (0x5)
[1004/190042.784:ERROR:process_reader_win.cc(151)] SuspendThread: Access is denied. (0x5)
[1004/190042.784:ERROR:process_reader_win.cc(151)] SuspendThread: Access is denied. (0x5)
[1004/190042.784:ERROR:process_reader_win.cc(151)] SuspendThread: Access is denied. (0x5)
[1004/190042.784:ERROR:process_reader_win.cc(151)] SuspendThread: Access is denied. (0x5)
[1004/190042.784:ERROR:process_reader_win.cc(123)] NtOpenThread: {Access Denied} A process has requested access to an object, but has not been granted those access rights. (0xc0000022)
[1004/190042.784:ERROR:exception_snapshot_win.cc(99)] thread ID 43056 not found in process
[1004/190042.792:ERROR:process_reader_win.cc(151)] SuspendThread: Access is denied. (0x5)
[1004/190042.792:ERROR:process_reader_win.cc(151)] SuspendThread: Access is denied. (0x5)
[1004/190042.792:ERROR:process_reader_win.cc(123)] NtOpenThread: {Access Denied} A process has requested access to an object, but has not been granted those access rights. (0xc0000022)
[1004/190042.792:ERROR:exception_snapshot_win.cc(99)] thread ID 22312 not found in process
